<?xml version="1.0" encoding="UTF-8"?>
<testng-results ignored="0" total="1" passed="1" failed="0" skipped="0">
  <reporter-output>
  </reporter-output>
  <suite started-at="2024-11-27T15:18:16 IST" name="Default suite" finished-at="2024-11-27T15:18:21 IST" duration-ms="4922">
    <groups>
    </groups>
    <test started-at="2024-11-27T15:18:16 IST" name="Default test" finished-at="2024-11-27T15:18:21 IST" duration-ms="4922">
      <class name="testscript.LoginTest">
        <test-method is-config="true" signature="beforeMethod()[pri:0, instance:testscript.LoginTest@175c2241]" started-at="2024-11-27T15:18:16 IST" name="beforeMethod" finished-at="2024-11-27T15:18:20 IST" duration-ms="4229" status="PASS">
          <reporter-output>
          </reporter-output>
        </test-method> <!-- beforeMethod -->
        <test-method signature="varifyValidUserInvalidPassword()[pri:0, instance:testscript.LoginTest@175c2241]" started-at="2024-11-27T15:18:20 IST" name="varifyValidUserInvalidPassword" finished-at="2024-11-27T15:18:21 IST" duration-ms="635" status="PASS">
          <reporter-output>
          </reporter-output>
        </test-method> <!-- varifyValidUserInvalidPassword -->
        <test-method is-config="true" signature="afterMethod()[pri:0, instance:testscript.LoginTest@175c2241]" started-at="2024-11-27T15:18:21 IST" name="afterMethod" finished-at="2024-11-27T15:18:21 IST" duration-ms="1" status="PASS">
          <reporter-output>
          </reporter-output>
        </test-method> <!-- afterMethod -->
      </class> <!-- testscript.LoginTest -->
    </test> <!-- Default test -->
  </suite> <!-- Default suite -->
</testng-results>
